生成启动时间为 2016/2/18 21:45:26。
项目“C:\Users\kan\Desktop\Character_Recognition\Character_Recognition\Character_Recognition.vcxproj”在节点 2 上(build 个目标)。
InitializeBuildStatus:
  正在创建“x64\Debug\Character_Recognition.unsuccessfulbuild”，因为已指定“AlwaysCreate”。
ClCompile:
  c:\Program Files (x86)\Microsoft Visual Studio 10.0\VC\bin\x86_amd64\CL.exe /c /Zi /nologo /W3 /WX- /Od /D WIN32 /D _DEBUG /D _CONSOLE /D _UNICODE /D UNICODE /Gm /EHsc /RTC1 /MDd /GS /fp:precise /Zc:wchar_t /Zc:forScope /Fo"x64\Debug\\" /Fd"x64\Debug\vc100.pdb" /Gd /TP /errorReport:prompt basicOCR.cpp
  basicOCR.cpp
basicOCR.cpp(138): warning C4244: “初始化”: 从“float”转换到“char”，可能丢失数据
basicOCR.cpp(153): warning C4101: “row”: 未引用的局部变量
basicOCR.cpp(153): warning C4101: “data”: 未引用的局部变量
ManifestResourceCompile:
  所有输出均为最新。
Link:
  c:\Program Files (x86)\Microsoft Visual Studio 10.0\VC\bin\x86_amd64\link.exe /ERRORREPORT:PROMPT /OUT:"C:\Users\kan\Desktop\Character_Recognition\Character_Recognition\x64\Debug\Character_Recognition.exe" /INCREMENTAL /NOLOGO opencv_calib3d249d.lib opencv_contrib249d.lib opencv_core249d.lib opencv_features2d249d.lib opencv_flann249d.lib opencv_gpu249d.lib opencv_highgui249d.lib opencv_imgproc249d.lib opencv_legacy249d.lib opencv_ml249d.lib opencv_nonfree249d.lib opencv_objdetect249d.lib opencv_ocl249d.lib opencv_photo249d.lib opencv_ts249d.lib opencv_video249d.lib kernel32.lib user32.lib gdi32.lib winspool.lib comdlg32.lib advapi32.lib shell32.lib ole32.lib oleaut32.lib uuid.lib odbc32.lib odbccp32.lib /MANIFEST /ManifestFile:"x64\Debug\Character_Recognition.exe.intermediate.manifest" /MANIFESTUAC:"level='asInvoker' uiAccess='false'" /DEBUG /PDB:"C:\Users\kan\Desktop\Character_Recognition\Character_Recognition\x64\Debug\Character_Recognition.pdb" /SUBSYSTEM:CONSOLE /TLBID:1 /DYNAMICBASE /NXCOMPAT /IMPLIB:"C:\Users\kan\Desktop\Character_Recognition\Character_Recognition\x64\Debug\Character_Recognition.lib" /MACHINE:X64 x64\Debug\Character_Recognition.exe.embed.manifest.res
  x64\Debug\basicOCR.obj
  x64\Debug\main.obj
  x64\Debug\preprocessing.obj
  Character_Recognition.vcxproj -> C:\Users\kan\Desktop\Character_Recognition\Character_Recognition\x64\Debug\Character_Recognition.exe
Manifest:
  c:\Program Files (x86)\Microsoft SDKs\Windows\v7.0A\bin\mt.exe /nologo /verbose /out:"x64\Debug\Character_Recognition.exe.embed.manifest" /manifest x64\Debug\Character_Recognition.exe.intermediate.manifest
  所有输出均为最新。
LinkEmbedManifest:
  所有输出均为最新。
  Character_Recognition.vcxproj -> C:\Users\kan\Desktop\Character_Recognition\Character_Recognition\x64\Debug\Character_Recognition.exe
FinalizeBuildStatus:
  正在删除文件“x64\Debug\Character_Recognition.unsuccessfulbuild”。
  正在对“x64\Debug\Character_Recognition.lastbuildstate”执行 Touch 任务。
已完成生成项目“C:\Users\kan\Desktop\Character_Recognition\Character_Recognition\Character_Recognition.vcxproj”(build 个目标)的操作。

生成成功。

已用时间 00:00:02.16
