生成启动时间为 2015/11/19 17:36:43。
     1>项目“D:\基于opencv 的手写数字字符识别\源代码\VS工程\Character_Recognition\Character_Recognition\Character_Recognition.vcxproj”在节点 2 上(build 个目标)。
     1>InitializeBuildStatus:
         正在创建“Release\Character_Recognition.unsuccessfulbuild”，因为已指定“AlwaysCreate”。
       ClCompile:
         C:\Program Files (x86)\Microsoft Visual Studio 10.0\VC\bin\CL.exe /c /Zi /nologo /W3 /WX- /O2 /Oi /Oy- /GL /D WIN32 /D NDEBUG /D _CONSOLE /D _UNICODE /D UNICODE /Gm- /EHsc /MT /GS /Gy /fp:precise /Zc:wchar_t /Zc:forScope /Fo"Release\\" /Fd"Release\vc100.pdb" /Gd /TP /analyze- /errorReport:prompt basicOCR.cpp
         basicOCR.cpp
     1>basicOCR.cpp(138): warning C4244: “初始化”: 从“float”转换到“char”，可能丢失数据
     1>basicOCR.cpp(153): warning C4101: “row”: 未引用的局部变量
     1>basicOCR.cpp(153): warning C4101: “data”: 未引用的局部变量
     1>basicOCR.cpp(296): warning C4018: “<”: 有符号/无符号不匹配
     1>basicOCR.cpp(313): warning C4244: “初始化”: 从“double”转换到“int”，可能丢失数据
     1>basicOCR.cpp(345): warning C4244: “=”: 从“float”转换到“char”，可能丢失数据
     1>basicOCR.cpp(347): warning C4244: “=”: 从“float”转换到“int”，可能丢失数据
     1>basicOCR.cpp(356): warning C4018: “>”: 有符号/无符号不匹配
     1>basicOCR.cpp(382): warning C4244: “=”: 从“float”转换到“char”，可能丢失数据
     1>basicOCR.cpp(384): warning C4244: “=”: 从“float”转换到“int”，可能丢失数据
       Link:
         C:\Program Files (x86)\Microsoft Visual Studio 10.0\VC\bin\link.exe /ERRORREPORT:PROMPT /OUT:"D:\基于opencv 的手写数字字符识别\源代码\VS工程\Character_Recognition\Release\Character_Recognition.exe" /INCREMENTAL:NO /NOLOGO IlmImf.lib libjasper.lib libjpeg.lib libpng.lib libtiff.lib opencv_calib3d2411d.lib opencv_contrib2411d.lib opencv_core2411d.lib opencv_features2d2411d.lib opencv_flann2411d.lib opencv_gpu2411d.lib opencv_highgui2411d.lib opencv_imgproc2411d.lib opencv_legacy2411d.lib opencv_ml2411d.lib opencv_objdetect2411d.lib opencv_ts2411d.lib opencv_video2411d.lib Zlib.lib opencv_calib3d2411.lib opencv_contrib2411.lib opencv_core2411.lib opencv_features2d2411.lib opencv_flann2411.lib opencv_gpu2411.lib opencv_highgui2411.lib opencv_imgproc2411.lib opencv_legacy2411.lib opencv_ml2411.lib opencv_objdetect2411.lib opencv_ts2411.lib opencv_video2411.lib kernel32.lib user32.lib gdi32.lib winspool.lib comdlg32.lib advapi32.lib shell32.lib ole32.lib oleaut32.lib uuid.lib odbc32.lib odbccp32.lib /MANIFEST /ManifestFile:"Release\Character_Recognition.exe.intermediate.manifest" /MANIFESTUAC:"level='asInvoker' uiAccess='false'" /DEBUG /PDB:"D:\基于opencv 的手写数字字符识别\源代码\VS工程\Character_Recognition\Release\Character_Recognition.pdb" /SUBSYSTEM:CONSOLE /OPT:REF /OPT:ICF /LTCG /TLBID:1 /DYNAMICBASE /NXCOMPAT /IMPLIB:"D:\基于opencv 的手写数字字符识别\源代码\VS工程\Character_Recognition\Release\Character_Recognition.lib" /MACHINE:X86 Release\basicOCR.obj
         Release\main.obj
         Release\preprocessing.obj
         正在生成代码
         已完成代码的生成
         Character_Recognition.vcxproj -> D:\基于opencv 的手写数字字符识别\源代码\VS工程\Character_Recognition\Release\Character_Recognition.exe
       Manifest:
         C:\Program Files (x86)\Microsoft SDKs\Windows\v7.0A\bin\mt.exe /nologo /verbose /outputresource:"D:\基于opencv 的手写数字字符识别\源代码\VS工程\Character_Recognition\Release\Character_Recognition.exe;#1" /manifest Release\Character_Recognition.exe.intermediate.manifest
       FinalizeBuildStatus:
         正在删除文件“Release\Character_Recognition.unsuccessfulbuild”。
         正在对“Release\Character_Recognition.lastbuildstate”执行 Touch 任务。
     1>已完成生成项目“D:\基于opencv 的手写数字字符识别\源代码\VS工程\Character_Recognition\Character_Recognition\Character_Recognition.vcxproj”(build 个目标)的操作。

生成成功。

已用时间 00:00:01.67
